<?xml version="1.0" encoding="UTF-8" ?>
<testsuite tests="8" failures="0" name="com.space.controller.GetCountTest" time="0.128" errors="0" skipped="0">
  <properties>
[...]
</properties>
  <testcase classname="com.space.controller.GetCountTest" name="getCountWithFiltersPlanet" time="0.02"/>
  <testcase classname="com.space.controller.GetCountTest" name="getCountWithFiltersShipTypeMaxCrewSize" time="0.015"/>
  <testcase classname="com.space.controller.GetCountTest" name="getCountWithFiltersNameAfterMaxRating" time="0.017"/>
  <testcase classname="com.space.controller.GetCountTest" name="getCountWithFiltersMinRatingMinCrewSizeMinSpeed" time="0.029"/>
  <testcase classname="com.space.controller.GetCountTest" name="getCountWithFiltersShipTypeBeforeMaxSpeed" time="0.01"/>
  <testcase classname="com.space.controller.GetCountTest" name="getCountWithFiltersIsUsedMinMaxSpeed" time="0.009"/>
  <testcase classname="com.space.controller.GetCountTest" name="getCountWithFiltersShipTypeIsUsed" time="0.022"/>
  <testcase classname="com.space.controller.GetCountTest" name="getCountWithoutFiltersReturnAllShips" time="0.006"/>
</testsuite>